Determining if the pthread_create exist failed with the following output:
Change Dir: /home/robotlab/catkin_ws/build/velocity_publisher/CMakeFiles/CMakeTmp

Run Build Command:"/usr/bin/make" "cmTC_38ada/fast"
/usr/bin/make -f CMakeFiles/cmTC_38ada.dir/build.make CMakeFiles/cmTC_38ada.dir/build
make[1]: Verzeichnis „/home/robotlab/catkin_ws/build/velocity_publisher/CMakeFiles/CMakeTmp“ wird betreten
Building C object CMakeFiles/cmTC_38ada.dir/CheckSymbolExists.c.o
/usr/bin/cc     -o CMakeFiles/cmTC_38ada.dir/CheckSymbolExists.c.o   -c /home/robotlab/catkin_ws/build/velocity_publisher/CMakeFiles/CMakeTmp/CheckSymbolExists.c
Linking C executable cmTC_38ada
/usr/bin/cmake -E cmake_link_script CMakeFiles/cmTC_38ada.dir/link.txt --verbose=1
/usr/bin/cc       CMakeFiles/cmTC_38ada.dir/CheckSymbolExists.c.o  -o cmTC_38ada -rdynamic 
CMakeFiles/cmTC_38ada.dir/CheckSymbolExists.c.o: In Funktion `main':
CheckSymbolExists.c:(.text+0x16): Nicht definierter Verweis auf `pthread_create'
collect2: error: ld returned 1 exit status
CMakeFiles/cmTC_38ada.dir/build.make:97: die Regel für Ziel „cmTC_38ada“ scheiterte
make[1]: *** [cmTC_38ada] Fehler 1
make[1]: Verzeichnis „/home/robotlab/catkin_ws/build/velocity_publisher/CMakeFiles/CMakeTmp“ wird verlassen
Makefile:126: die Regel für Ziel „cmTC_38ada/fast“ scheiterte
make: *** [cmTC_38ada/fast] Fehler 2

File /home/robotlab/catkin_ws/build/velocity_publisher/CMakeFiles/CMakeTmp/CheckSymbolExists.c:
/* */
#include <pthread.h>

int main(int argc, char** argv)
{
  (void)argv;
#ifndef pthread_create
  return ((int*)(&pthread_create))[argc];
#else
  (void)argc;
  return 0;
#endif
}

Determining if the function pthread_create exists in the pthreads failed with the following output:
Change Dir: /home/robotlab/catkin_ws/build/velocity_publisher/CMakeFiles/CMakeTmp

Run Build Command:"/usr/bin/make" "cmTC_3101e/fast"
/usr/bin/make -f CMakeFiles/cmTC_3101e.dir/build.make CMakeFiles/cmTC_3101e.dir/build
make[1]: Verzeichnis „/home/robotlab/catkin_ws/build/velocity_publisher/CMakeFiles/CMakeTmp“ wird betreten
Building C object CMakeFiles/cmTC_3101e.dir/CheckFunctionExists.c.o
/usr/bin/cc    -DCHECK_FUNCTION_EXISTS=pthread_create   -o CMakeFiles/cmTC_3101e.dir/CheckFunctionExists.c.o   -c /usr/share/cmake-3.5/Modules/CheckFunctionExists.c
Linking C executable cmTC_3101e
/usr/bin/cmake -E cmake_link_script CMakeFiles/cmTC_3101e.dir/link.txt --verbose=1
/usr/bin/cc   -DCHECK_FUNCTION_EXISTS=pthread_create    CMakeFiles/cmTC_3101e.dir/CheckFunctionExists.c.o  -o cmTC_3101e -rdynamic -lpthreads 
/usr/bin/ld: cannot find -lpthreads
collect2: error: ld returned 1 exit status
CMakeFiles/cmTC_3101e.dir/build.make:97: die Regel für Ziel „cmTC_3101e“ scheiterte
make[1]: *** [cmTC_3101e] Fehler 1
make[1]: Verzeichnis „/home/robotlab/catkin_ws/build/velocity_publisher/CMakeFiles/CMakeTmp“ wird verlassen
Makefile:126: die Regel für Ziel „cmTC_3101e/fast“ scheiterte
make: *** [cmTC_3101e/fast] Fehler 2


