Determining if the pthread_create exist failed with the following output:
Change Dir: /home/robotlab/catkin_ws/build/visual_servoing_controller/CMakeFiles/CMakeTmp

Run Build Command:"/usr/bin/make" "cmTC_8b5eb/fast"
/usr/bin/make -f CMakeFiles/cmTC_8b5eb.dir/build.make CMakeFiles/cmTC_8b5eb.dir/build
make[1]: Verzeichnis „/home/robotlab/catkin_ws/build/visual_servoing_controller/CMakeFiles/CMakeTmp“ wird betreten
Building C object CMakeFiles/cmTC_8b5eb.dir/CheckSymbolExists.c.o
/usr/bin/cc     -o CMakeFiles/cmTC_8b5eb.dir/CheckSymbolExists.c.o   -c /home/robotlab/catkin_ws/build/visual_servoing_controller/CMakeFiles/CMakeTmp/CheckSymbolExists.c
Linking C executable cmTC_8b5eb
/usr/bin/cmake -E cmake_link_script CMakeFiles/cmTC_8b5eb.dir/link.txt --verbose=1
/usr/bin/cc       CMakeFiles/cmTC_8b5eb.dir/CheckSymbolExists.c.o  -o cmTC_8b5eb -rdynamic 
CMakeFiles/cmTC_8b5eb.dir/CheckSymbolExists.c.o: In Funktion `main':
CheckSymbolExists.c:(.text+0x16): Nicht definierter Verweis auf `pthread_create'
collect2: error: ld returned 1 exit status
CMakeFiles/cmTC_8b5eb.dir/build.make:97: die Regel für Ziel „cmTC_8b5eb“ scheiterte
make[1]: *** [cmTC_8b5eb] Fehler 1
make[1]: Verzeichnis „/home/robotlab/catkin_ws/build/visual_servoing_controller/CMakeFiles/CMakeTmp“ wird verlassen
Makefile:126: die Regel für Ziel „cmTC_8b5eb/fast“ scheiterte
make: *** [cmTC_8b5eb/fast] Fehler 2

File /home/robotlab/catkin_ws/build/visual_servoing_controller/CMakeFiles/CMakeTmp/CheckSymbolExists.c:
/* */
#include <pthread.h>

int main(int argc, char** argv)
{
  (void)argv;
#ifndef pthread_create
  return ((int*)(&pthread_create))[argc];
#else
  (void)argc;
  return 0;
#endif
}

Determining if the function pthread_create exists in the pthreads failed with the following output:
Change Dir: /home/robotlab/catkin_ws/build/visual_servoing_controller/CMakeFiles/CMakeTmp

Run Build Command:"/usr/bin/make" "cmTC_cb369/fast"
/usr/bin/make -f CMakeFiles/cmTC_cb369.dir/build.make CMakeFiles/cmTC_cb369.dir/build
make[1]: Verzeichnis „/home/robotlab/catkin_ws/build/visual_servoing_controller/CMakeFiles/CMakeTmp“ wird betreten
Building C object CMakeFiles/cmTC_cb369.dir/CheckFunctionExists.c.o
/usr/bin/cc    -DCHECK_FUNCTION_EXISTS=pthread_create   -o CMakeFiles/cmTC_cb369.dir/CheckFunctionExists.c.o   -c /usr/share/cmake-3.5/Modules/CheckFunctionExists.c
Linking C executable cmTC_cb369
/usr/bin/cmake -E cmake_link_script CMakeFiles/cmTC_cb369.dir/link.txt --verbose=1
/usr/bin/cc   -DCHECK_FUNCTION_EXISTS=pthread_create    CMakeFiles/cmTC_cb369.dir/CheckFunctionExists.c.o  -o cmTC_cb369 -rdynamic -lpthreads 
/usr/bin/ld: cannot find -lpthreads
collect2: error: ld returned 1 exit status
CMakeFiles/cmTC_cb369.dir/build.make:97: die Regel für Ziel „cmTC_cb369“ scheiterte
make[1]: *** [cmTC_cb369] Fehler 1
make[1]: Verzeichnis „/home/robotlab/catkin_ws/build/visual_servoing_controller/CMakeFiles/CMakeTmp“ wird verlassen
Makefile:126: die Regel für Ziel „cmTC_cb369/fast“ scheiterte
make: *** [cmTC_cb369/fast] Fehler 2


