Determining if the pthread_create exist failed with the following output:
Change Dir: /home/robotlab/catkin_ws/build/kuka-lwr-ros/kuka_lwr/lwr_fri/CMakeFiles/CMakeTmp

Run Build Command:"/usr/bin/make" "cmTC_9db9f/fast"
/usr/bin/make -f CMakeFiles/cmTC_9db9f.dir/build.make CMakeFiles/cmTC_9db9f.dir/build
make[1]: Verzeichnis „/home/robotlab/catkin_ws/build/kuka-lwr-ros/kuka_lwr/lwr_fri/CMakeFiles/CMakeTmp“ wird betreten
Building C object CMakeFiles/cmTC_9db9f.dir/CheckSymbolExists.c.o
/usr/bin/cc     -o CMakeFiles/cmTC_9db9f.dir/CheckSymbolExists.c.o   -c /home/robotlab/catkin_ws/build/kuka-lwr-ros/kuka_lwr/lwr_fri/CMakeFiles/CMakeTmp/CheckSymbolExists.c
Linking C executable cmTC_9db9f
/usr/bin/cmake -E cmake_link_script CMakeFiles/cmTC_9db9f.dir/link.txt --verbose=1
/usr/bin/cc       CMakeFiles/cmTC_9db9f.dir/CheckSymbolExists.c.o  -o cmTC_9db9f -rdynamic 
CMakeFiles/cmTC_9db9f.dir/CheckSymbolExists.c.o: In Funktion `main':
CheckSymbolExists.c:(.text+0x16): Nicht definierter Verweis auf `pthread_create'
collect2: error: ld returned 1 exit status
CMakeFiles/cmTC_9db9f.dir/build.make:97: die Regel für Ziel „cmTC_9db9f“ scheiterte
make[1]: *** [cmTC_9db9f] Fehler 1
make[1]: Verzeichnis „/home/robotlab/catkin_ws/build/kuka-lwr-ros/kuka_lwr/lwr_fri/CMakeFiles/CMakeTmp“ wird verlassen
Makefile:126: die Regel für Ziel „cmTC_9db9f/fast“ scheiterte
make: *** [cmTC_9db9f/fast] Fehler 2

File /home/robotlab/catkin_ws/build/kuka-lwr-ros/kuka_lwr/lwr_fri/CMakeFiles/CMakeTmp/CheckSymbolExists.c:
/* */
#include <pthread.h>

int main(int argc, char** argv)
{
  (void)argv;
#ifndef pthread_create
  return ((int*)(&pthread_create))[argc];
#else
  (void)argc;
  return 0;
#endif
}

Determining if the function pthread_create exists in the pthreads failed with the following output:
Change Dir: /home/robotlab/catkin_ws/build/kuka-lwr-ros/kuka_lwr/lwr_fri/CMakeFiles/CMakeTmp

Run Build Command:"/usr/bin/make" "cmTC_0e030/fast"
/usr/bin/make -f CMakeFiles/cmTC_0e030.dir/build.make CMakeFiles/cmTC_0e030.dir/build
make[1]: Verzeichnis „/home/robotlab/catkin_ws/build/kuka-lwr-ros/kuka_lwr/lwr_fri/CMakeFiles/CMakeTmp“ wird betreten
Building C object CMakeFiles/cmTC_0e030.dir/CheckFunctionExists.c.o
/usr/bin/cc    -DCHECK_FUNCTION_EXISTS=pthread_create   -o CMakeFiles/cmTC_0e030.dir/CheckFunctionExists.c.o   -c /usr/share/cmake-3.5/Modules/CheckFunctionExists.c
Linking C executable cmTC_0e030
/usr/bin/cmake -E cmake_link_script CMakeFiles/cmTC_0e030.dir/link.txt --verbose=1
/usr/bin/cc   -DCHECK_FUNCTION_EXISTS=pthread_create    CMakeFiles/cmTC_0e030.dir/CheckFunctionExists.c.o  -o cmTC_0e030 -rdynamic -lpthreads 
/usr/bin/ld: cannot find -lpthreads
collect2: error: ld returned 1 exit status
CMakeFiles/cmTC_0e030.dir/build.make:97: die Regel für Ziel „cmTC_0e030“ scheiterte
make[1]: *** [cmTC_0e030] Fehler 1
make[1]: Verzeichnis „/home/robotlab/catkin_ws/build/kuka-lwr-ros/kuka_lwr/lwr_fri/CMakeFiles/CMakeTmp“ wird verlassen
Makefile:126: die Regel für Ziel „cmTC_0e030/fast“ scheiterte
make: *** [cmTC_0e030/fast] Fehler 2


