Determining if the pthread_create exist failed with the following output:
Change Dir: /home/robotlab/catkin_ws/build/get_joint_state/CMakeFiles/CMakeTmp

Run Build Command:"/usr/bin/make" "cmTC_71d87/fast"
/usr/bin/make -f CMakeFiles/cmTC_71d87.dir/build.make CMakeFiles/cmTC_71d87.dir/build
make[1]: Verzeichnis „/home/robotlab/catkin_ws/build/get_joint_state/CMakeFiles/CMakeTmp“ wird betreten
Building C object CMakeFiles/cmTC_71d87.dir/CheckSymbolExists.c.o
/usr/bin/cc     -o CMakeFiles/cmTC_71d87.dir/CheckSymbolExists.c.o   -c /home/robotlab/catkin_ws/build/get_joint_state/CMakeFiles/CMakeTmp/CheckSymbolExists.c
Linking C executable cmTC_71d87
/usr/bin/cmake -E cmake_link_script CMakeFiles/cmTC_71d87.dir/link.txt --verbose=1
/usr/bin/cc       CMakeFiles/cmTC_71d87.dir/CheckSymbolExists.c.o  -o cmTC_71d87 -rdynamic 
CMakeFiles/cmTC_71d87.dir/CheckSymbolExists.c.o: In Funktion `main':
CheckSymbolExists.c:(.text+0x16): Nicht definierter Verweis auf `pthread_create'
collect2: error: ld returned 1 exit status
CMakeFiles/cmTC_71d87.dir/build.make:97: die Regel für Ziel „cmTC_71d87“ scheiterte
make[1]: *** [cmTC_71d87] Fehler 1
make[1]: Verzeichnis „/home/robotlab/catkin_ws/build/get_joint_state/CMakeFiles/CMakeTmp“ wird verlassen
Makefile:126: die Regel für Ziel „cmTC_71d87/fast“ scheiterte
make: *** [cmTC_71d87/fast] Fehler 2

File /home/robotlab/catkin_ws/build/get_joint_state/CMakeFiles/CMakeTmp/CheckSymbolExists.c:
/* */
#include <pthread.h>

int main(int argc, char** argv)
{
  (void)argv;
#ifndef pthread_create
  return ((int*)(&pthread_create))[argc];
#else
  (void)argc;
  return 0;
#endif
}

Determining if the function pthread_create exists in the pthreads failed with the following output:
Change Dir: /home/robotlab/catkin_ws/build/get_joint_state/CMakeFiles/CMakeTmp

Run Build Command:"/usr/bin/make" "cmTC_e186a/fast"
/usr/bin/make -f CMakeFiles/cmTC_e186a.dir/build.make CMakeFiles/cmTC_e186a.dir/build
make[1]: Verzeichnis „/home/robotlab/catkin_ws/build/get_joint_state/CMakeFiles/CMakeTmp“ wird betreten
Building C object CMakeFiles/cmTC_e186a.dir/CheckFunctionExists.c.o
/usr/bin/cc    -DCHECK_FUNCTION_EXISTS=pthread_create   -o CMakeFiles/cmTC_e186a.dir/CheckFunctionExists.c.o   -c /usr/share/cmake-3.5/Modules/CheckFunctionExists.c
Linking C executable cmTC_e186a
/usr/bin/cmake -E cmake_link_script CMakeFiles/cmTC_e186a.dir/link.txt --verbose=1
/usr/bin/cc   -DCHECK_FUNCTION_EXISTS=pthread_create    CMakeFiles/cmTC_e186a.dir/CheckFunctionExists.c.o  -o cmTC_e186a -rdynamic -lpthreads 
/usr/bin/ld: cannot find -lpthreads
collect2: error: ld returned 1 exit status
CMakeFiles/cmTC_e186a.dir/build.make:97: die Regel für Ziel „cmTC_e186a“ scheiterte
make[1]: *** [cmTC_e186a] Fehler 1
make[1]: Verzeichnis „/home/robotlab/catkin_ws/build/get_joint_state/CMakeFiles/CMakeTmp“ wird verlassen
Makefile:126: die Regel für Ziel „cmTC_e186a/fast“ scheiterte
make: *** [cmTC_e186a/fast] Fehler 2


