Determining if the pthread_create exist failed with the following output:
Change Dir: /home/robotlab/catkin_ws/build/kuka-lwr-ros/kuka_lwr/lwr_hw/CMakeFiles/CMakeTmp

Run Build Command:"/usr/bin/make" "cmTC_fb18b/fast"
/usr/bin/make -f CMakeFiles/cmTC_fb18b.dir/build.make CMakeFiles/cmTC_fb18b.dir/build
make[1]: Verzeichnis „/home/robotlab/catkin_ws/build/kuka-lwr-ros/kuka_lwr/lwr_hw/CMakeFiles/CMakeTmp“ wird betreten
Building C object CMakeFiles/cmTC_fb18b.dir/CheckSymbolExists.c.o
/usr/bin/cc     -o CMakeFiles/cmTC_fb18b.dir/CheckSymbolExists.c.o   -c /home/robotlab/catkin_ws/build/kuka-lwr-ros/kuka_lwr/lwr_hw/CMakeFiles/CMakeTmp/CheckSymbolExists.c
Linking C executable cmTC_fb18b
/usr/bin/cmake -E cmake_link_script CMakeFiles/cmTC_fb18b.dir/link.txt --verbose=1
/usr/bin/cc       CMakeFiles/cmTC_fb18b.dir/CheckSymbolExists.c.o  -o cmTC_fb18b -rdynamic 
CMakeFiles/cmTC_fb18b.dir/CheckSymbolExists.c.o: In Funktion `main':
CheckSymbolExists.c:(.text+0x16): Nicht definierter Verweis auf `pthread_create'
collect2: error: ld returned 1 exit status
CMakeFiles/cmTC_fb18b.dir/build.make:97: die Regel für Ziel „cmTC_fb18b“ scheiterte
make[1]: *** [cmTC_fb18b] Fehler 1
make[1]: Verzeichnis „/home/robotlab/catkin_ws/build/kuka-lwr-ros/kuka_lwr/lwr_hw/CMakeFiles/CMakeTmp“ wird verlassen
Makefile:126: die Regel für Ziel „cmTC_fb18b/fast“ scheiterte
make: *** [cmTC_fb18b/fast] Fehler 2

File /home/robotlab/catkin_ws/build/kuka-lwr-ros/kuka_lwr/lwr_hw/CMakeFiles/CMakeTmp/CheckSymbolExists.c:
/* */
#include <pthread.h>

int main(int argc, char** argv)
{
  (void)argv;
#ifndef pthread_create
  return ((int*)(&pthread_create))[argc];
#else
  (void)argc;
  return 0;
#endif
}

Determining if the function pthread_create exists in the pthreads failed with the following output:
Change Dir: /home/robotlab/catkin_ws/build/kuka-lwr-ros/kuka_lwr/lwr_hw/CMakeFiles/CMakeTmp

Run Build Command:"/usr/bin/make" "cmTC_d7719/fast"
/usr/bin/make -f CMakeFiles/cmTC_d7719.dir/build.make CMakeFiles/cmTC_d7719.dir/build
make[1]: Verzeichnis „/home/robotlab/catkin_ws/build/kuka-lwr-ros/kuka_lwr/lwr_hw/CMakeFiles/CMakeTmp“ wird betreten
Building C object CMakeFiles/cmTC_d7719.dir/CheckFunctionExists.c.o
/usr/bin/cc    -DCHECK_FUNCTION_EXISTS=pthread_create   -o CMakeFiles/cmTC_d7719.dir/CheckFunctionExists.c.o   -c /usr/share/cmake-3.5/Modules/CheckFunctionExists.c
Linking C executable cmTC_d7719
/usr/bin/cmake -E cmake_link_script CMakeFiles/cmTC_d7719.dir/link.txt --verbose=1
/usr/bin/cc   -DCHECK_FUNCTION_EXISTS=pthread_create    CMakeFiles/cmTC_d7719.dir/CheckFunctionExists.c.o  -o cmTC_d7719 -rdynamic -lpthreads 
/usr/bin/ld: cannot find -lpthreads
collect2: error: ld returned 1 exit status
CMakeFiles/cmTC_d7719.dir/build.make:97: die Regel für Ziel „cmTC_d7719“ scheiterte
make[1]: *** [cmTC_d7719] Fehler 1
make[1]: Verzeichnis „/home/robotlab/catkin_ws/build/kuka-lwr-ros/kuka_lwr/lwr_hw/CMakeFiles/CMakeTmp“ wird verlassen
Makefile:126: die Regel für Ziel „cmTC_d7719/fast“ scheiterte
make: *** [cmTC_d7719/fast] Fehler 2


