Determining if the pthread_create exist failed with the following output:
Change Dir: /home/robotlab/catkin_ws/build/kuka-lwr-ros/kuka_lwr/lwr_console/CMakeFiles/CMakeTmp

Run Build Command:"/usr/bin/make" "cmTC_b5b9f/fast"
/usr/bin/make -f CMakeFiles/cmTC_b5b9f.dir/build.make CMakeFiles/cmTC_b5b9f.dir/build
make[1]: Verzeichnis „/home/robotlab/catkin_ws/build/kuka-lwr-ros/kuka_lwr/lwr_console/CMakeFiles/CMakeTmp“ wird betreten
Building C object CMakeFiles/cmTC_b5b9f.dir/CheckSymbolExists.c.o
/usr/bin/cc     -o CMakeFiles/cmTC_b5b9f.dir/CheckSymbolExists.c.o   -c /home/robotlab/catkin_ws/build/kuka-lwr-ros/kuka_lwr/lwr_console/CMakeFiles/CMakeTmp/CheckSymbolExists.c
Linking C executable cmTC_b5b9f
/usr/bin/cmake -E cmake_link_script CMakeFiles/cmTC_b5b9f.dir/link.txt --verbose=1
/usr/bin/cc       CMakeFiles/cmTC_b5b9f.dir/CheckSymbolExists.c.o  -o cmTC_b5b9f -rdynamic 
CMakeFiles/cmTC_b5b9f.dir/CheckSymbolExists.c.o: In Funktion `main':
CheckSymbolExists.c:(.text+0x16): Nicht definierter Verweis auf `pthread_create'
collect2: error: ld returned 1 exit status
CMakeFiles/cmTC_b5b9f.dir/build.make:97: die Regel für Ziel „cmTC_b5b9f“ scheiterte
make[1]: *** [cmTC_b5b9f] Fehler 1
make[1]: Verzeichnis „/home/robotlab/catkin_ws/build/kuka-lwr-ros/kuka_lwr/lwr_console/CMakeFiles/CMakeTmp“ wird verlassen
Makefile:126: die Regel für Ziel „cmTC_b5b9f/fast“ scheiterte
make: *** [cmTC_b5b9f/fast] Fehler 2

File /home/robotlab/catkin_ws/build/kuka-lwr-ros/kuka_lwr/lwr_console/CMakeFiles/CMakeTmp/CheckSymbolExists.c:
/* */
#include <pthread.h>

int main(int argc, char** argv)
{
  (void)argv;
#ifndef pthread_create
  return ((int*)(&pthread_create))[argc];
#else
  (void)argc;
  return 0;
#endif
}

Determining if the function pthread_create exists in the pthreads failed with the following output:
Change Dir: /home/robotlab/catkin_ws/build/kuka-lwr-ros/kuka_lwr/lwr_console/CMakeFiles/CMakeTmp

Run Build Command:"/usr/bin/make" "cmTC_be23d/fast"
/usr/bin/make -f CMakeFiles/cmTC_be23d.dir/build.make CMakeFiles/cmTC_be23d.dir/build
make[1]: Verzeichnis „/home/robotlab/catkin_ws/build/kuka-lwr-ros/kuka_lwr/lwr_console/CMakeFiles/CMakeTmp“ wird betreten
Building C object CMakeFiles/cmTC_be23d.dir/CheckFunctionExists.c.o
/usr/bin/cc    -DCHECK_FUNCTION_EXISTS=pthread_create   -o CMakeFiles/cmTC_be23d.dir/CheckFunctionExists.c.o   -c /usr/share/cmake-3.5/Modules/CheckFunctionExists.c
Linking C executable cmTC_be23d
/usr/bin/cmake -E cmake_link_script CMakeFiles/cmTC_be23d.dir/link.txt --verbose=1
/usr/bin/cc   -DCHECK_FUNCTION_EXISTS=pthread_create    CMakeFiles/cmTC_be23d.dir/CheckFunctionExists.c.o  -o cmTC_be23d -rdynamic -lpthreads 
/usr/bin/ld: cannot find -lpthreads
collect2: error: ld returned 1 exit status
CMakeFiles/cmTC_be23d.dir/build.make:97: die Regel für Ziel „cmTC_be23d“ scheiterte
make[1]: *** [cmTC_be23d] Fehler 1
make[1]: Verzeichnis „/home/robotlab/catkin_ws/build/kuka-lwr-ros/kuka_lwr/lwr_console/CMakeFiles/CMakeTmp“ wird verlassen
Makefile:126: die Regel für Ziel „cmTC_be23d/fast“ scheiterte
make: *** [cmTC_be23d/fast] Fehler 2


