Determining if the pthread_create exist failed with the following output:
Change Dir: /home/robotlab/catkin_ws/build/kuka-lwr-ros/lwr_ros_client/CMakeFiles/CMakeTmp

Run Build Command:"/usr/bin/make" "cmTC_ae03f/fast"
/usr/bin/make -f CMakeFiles/cmTC_ae03f.dir/build.make CMakeFiles/cmTC_ae03f.dir/build
make[1]: Verzeichnis „/home/robotlab/catkin_ws/build/kuka-lwr-ros/lwr_ros_client/CMakeFiles/CMakeTmp“ wird betreten
Building C object CMakeFiles/cmTC_ae03f.dir/CheckSymbolExists.c.o
/usr/bin/cc     -o CMakeFiles/cmTC_ae03f.dir/CheckSymbolExists.c.o   -c /home/robotlab/catkin_ws/build/kuka-lwr-ros/lwr_ros_client/CMakeFiles/CMakeTmp/CheckSymbolExists.c
Linking C executable cmTC_ae03f
/usr/bin/cmake -E cmake_link_script CMakeFiles/cmTC_ae03f.dir/link.txt --verbose=1
/usr/bin/cc       CMakeFiles/cmTC_ae03f.dir/CheckSymbolExists.c.o  -o cmTC_ae03f -rdynamic 
CMakeFiles/cmTC_ae03f.dir/CheckSymbolExists.c.o: In Funktion `main':
CheckSymbolExists.c:(.text+0x16): Nicht definierter Verweis auf `pthread_create'
collect2: error: ld returned 1 exit status
CMakeFiles/cmTC_ae03f.dir/build.make:97: die Regel für Ziel „cmTC_ae03f“ scheiterte
make[1]: *** [cmTC_ae03f] Fehler 1
make[1]: Verzeichnis „/home/robotlab/catkin_ws/build/kuka-lwr-ros/lwr_ros_client/CMakeFiles/CMakeTmp“ wird verlassen
Makefile:126: die Regel für Ziel „cmTC_ae03f/fast“ scheiterte
make: *** [cmTC_ae03f/fast] Fehler 2

File /home/robotlab/catkin_ws/build/kuka-lwr-ros/lwr_ros_client/CMakeFiles/CMakeTmp/CheckSymbolExists.c:
/* */
#include <pthread.h>

int main(int argc, char** argv)
{
  (void)argv;
#ifndef pthread_create
  return ((int*)(&pthread_create))[argc];
#else
  (void)argc;
  return 0;
#endif
}

Determining if the function pthread_create exists in the pthreads failed with the following output:
Change Dir: /home/robotlab/catkin_ws/build/kuka-lwr-ros/lwr_ros_client/CMakeFiles/CMakeTmp

Run Build Command:"/usr/bin/make" "cmTC_2d09e/fast"
/usr/bin/make -f CMakeFiles/cmTC_2d09e.dir/build.make CMakeFiles/cmTC_2d09e.dir/build
make[1]: Verzeichnis „/home/robotlab/catkin_ws/build/kuka-lwr-ros/lwr_ros_client/CMakeFiles/CMakeTmp“ wird betreten
Building C object CMakeFiles/cmTC_2d09e.dir/CheckFunctionExists.c.o
/usr/bin/cc    -DCHECK_FUNCTION_EXISTS=pthread_create   -o CMakeFiles/cmTC_2d09e.dir/CheckFunctionExists.c.o   -c /usr/share/cmake-3.5/Modules/CheckFunctionExists.c
Linking C executable cmTC_2d09e
/usr/bin/cmake -E cmake_link_script CMakeFiles/cmTC_2d09e.dir/link.txt --verbose=1
/usr/bin/cc   -DCHECK_FUNCTION_EXISTS=pthread_create    CMakeFiles/cmTC_2d09e.dir/CheckFunctionExists.c.o  -o cmTC_2d09e -rdynamic -lpthreads 
/usr/bin/ld: cannot find -lpthreads
collect2: error: ld returned 1 exit status
CMakeFiles/cmTC_2d09e.dir/build.make:97: die Regel für Ziel „cmTC_2d09e“ scheiterte
make[1]: *** [cmTC_2d09e] Fehler 1
make[1]: Verzeichnis „/home/robotlab/catkin_ws/build/kuka-lwr-ros/lwr_ros_client/CMakeFiles/CMakeTmp“ wird verlassen
Makefile:126: die Regel für Ziel „cmTC_2d09e/fast“ scheiterte
make: *** [cmTC_2d09e/fast] Fehler 2


